[ 2024-12-23 09:28:37,752 ] 162 numexpr.utils - INFO - NumExpr defaulting to 12 threads.
[ 2024-12-23 09:28:41,954 ] 224 werkzeug - WARNING -  * Debugger is active!
[ 2024-12-23 09:28:41,958 ] 224 werkzeug - INFO -  * Debugger PIN: 617-787-898
[ 2024-12-23 09:28:43,462 ] 224 werkzeug - INFO -  * Detected change in 'C:\\Users\\malik\\AppData\\Roaming\\Python\\Python39\\site-packages\\bottleneck\\_pytesttester.py', reloading
[ 2024-12-23 09:28:43,462 ] 224 werkzeug - INFO -  * Detected change in 'C:\\Users\\malik\\AppData\\Roaming\\Python\\Python39\\site-packages\\bottleneck\\_version.py', reloading
[ 2024-12-23 09:28:43,463 ] 224 werkzeug - INFO -  * Detected change in 'C:\\Users\\malik\\AppData\\Roaming\\Python\\Python39\\site-packages\\bottleneck\\__init__.py', reloading
[ 2024-12-23 09:28:43,463 ] 224 werkzeug - INFO -  * Detected change in 'C:\\Users\\malik\\AppData\\Roaming\\Python\\Python39\\site-packages\\bottleneck\\benchmark\\autotimeit.py', reloading
[ 2024-12-23 09:28:43,464 ] 224 werkzeug - INFO -  * Detected change in 'C:\\Users\\malik\\AppData\\Roaming\\Python\\Python39\\site-packages\\bottleneck\\benchmark\\bench.py', reloading
[ 2024-12-23 09:28:43,464 ] 224 werkzeug - INFO -  * Detected change in 'C:\\Users\\malik\\AppData\\Roaming\\Python\\Python39\\site-packages\\bottleneck\\benchmark\\bench_detailed.py', reloading
[ 2024-12-23 09:28:43,464 ] 224 werkzeug - INFO -  * Detected change in 'C:\\Users\\malik\\AppData\\Roaming\\Python\\Python39\\site-packages\\bottleneck\\benchmark\\__init__.py', reloading
[ 2024-12-23 09:28:43,466 ] 224 werkzeug - INFO -  * Detected change in 'C:\\Users\\malik\\AppData\\Roaming\\Python\\Python39\\site-packages\\bottleneck\\slow\\move.py', reloading
[ 2024-12-23 09:28:43,466 ] 224 werkzeug - INFO -  * Detected change in 'C:\\Users\\malik\\AppData\\Roaming\\Python\\Python39\\site-packages\\bottleneck\\slow\\nonreduce.py', reloading
[ 2024-12-23 09:28:43,466 ] 224 werkzeug - INFO -  * Detected change in 'C:\\Users\\malik\\AppData\\Roaming\\Python\\Python39\\site-packages\\bottleneck\\slow\\nonreduce_axis.py', reloading
[ 2024-12-23 09:28:43,466 ] 224 werkzeug - INFO -  * Detected change in 'C:\\Users\\malik\\AppData\\Roaming\\Python\\Python39\\site-packages\\bottleneck\\slow\\reduce.py', reloading
[ 2024-12-23 09:28:43,466 ] 224 werkzeug - INFO -  * Detected change in 'C:\\Users\\malik\\AppData\\Roaming\\Python\\Python39\\site-packages\\bottleneck\\slow\\__init__.py', reloading
[ 2024-12-23 09:28:43,466 ] 224 werkzeug - INFO -  * Detected change in 'C:\\Users\\malik\\AppData\\Roaming\\Python\\Python39\\site-packages\\bottleneck\\src\\bn_config.py', reloading
[ 2024-12-23 09:28:43,466 ] 224 werkzeug - INFO -  * Detected change in 'C:\\Users\\malik\\AppData\\Roaming\\Python\\Python39\\site-packages\\bottleneck\\src\\bn_template.py', reloading
[ 2024-12-23 09:28:43,466 ] 224 werkzeug - INFO -  * Detected change in 'C:\\Users\\malik\\AppData\\Roaming\\Python\\Python39\\site-packages\\bottleneck\\src\\__init__.py', reloading
[ 2024-12-23 09:28:43,466 ] 224 werkzeug - INFO -  * Detected change in 'C:\\Users\\malik\\AppData\\Roaming\\Python\\Python39\\site-packages\\bottleneck\\tests\\common.py', reloading
[ 2024-12-23 09:28:43,466 ] 224 werkzeug - INFO -  * Detected change in 'C:\\Users\\malik\\AppData\\Roaming\\Python\\Python39\\site-packages\\bottleneck\\tests\\input_modification_test.py', reloading
[ 2024-12-23 09:28:43,466 ] 224 werkzeug - INFO -  * Detected change in 'C:\\Users\\malik\\AppData\\Roaming\\Python\\Python39\\site-packages\\bottleneck\\tests\\list_input_test.py', reloading
[ 2024-12-23 09:28:43,466 ] 224 werkzeug - INFO -  * Detected change in 'C:\\Users\\malik\\AppData\\Roaming\\Python\\Python39\\site-packages\\bottleneck\\tests\\memory_test.py', reloading
[ 2024-12-23 09:28:43,466 ] 224 werkzeug - INFO -  * Detected change in 'C:\\Users\\malik\\AppData\\Roaming\\Python\\Python39\\site-packages\\bottleneck\\tests\\move_test.py', reloading
[ 2024-12-23 09:28:43,471 ] 224 werkzeug - INFO -  * Detected change in 'C:\\Users\\malik\\AppData\\Roaming\\Python\\Python39\\site-packages\\bottleneck\\tests\\nonreduce_axis_test.py', reloading
[ 2024-12-23 09:28:43,471 ] 224 werkzeug - INFO -  * Detected change in 'C:\\Users\\malik\\AppData\\Roaming\\Python\\Python39\\site-packages\\bottleneck\\tests\\nonreduce_test.py', reloading
[ 2024-12-23 09:28:43,471 ] 224 werkzeug - INFO -  * Detected change in 'C:\\Users\\malik\\AppData\\Roaming\\Python\\Python39\\site-packages\\bottleneck\\tests\\reduce_test.py', reloading
[ 2024-12-23 09:28:43,471 ] 224 werkzeug - INFO -  * Detected change in 'C:\\Users\\malik\\AppData\\Roaming\\Python\\Python39\\site-packages\\bottleneck\\tests\\scalar_input_test.py', reloading
[ 2024-12-23 09:28:43,471 ] 224 werkzeug - INFO -  * Detected change in 'C:\\Users\\malik\\AppData\\Roaming\\Python\\Python39\\site-packages\\bottleneck\\tests\\test_template.py', reloading
[ 2024-12-23 09:28:43,471 ] 224 werkzeug - INFO -  * Detected change in 'C:\\Users\\malik\\AppData\\Roaming\\Python\\Python39\\site-packages\\bottleneck\\tests\\util.py', reloading
[ 2024-12-23 09:28:43,471 ] 224 werkzeug - INFO -  * Detected change in 'C:\\Users\\malik\\AppData\\Roaming\\Python\\Python39\\site-packages\\bottleneck\\tests\\__init__.py', reloading
[ 2024-12-23 09:28:43,476 ] 224 werkzeug - INFO -  * Detected change in 'C:\\Users\\malik\\AppData\\Roaming\\Python\\Python39\\site-packages\\bottleneck\\__init__.py', reloading
[ 2024-12-23 09:28:43,476 ] 224 werkzeug - INFO -  * Detected change in 'C:\\Users\\malik\\AppData\\Roaming\\Python\\Python39\\site-packages\\bottleneck\\__init__.py', reloading
[ 2024-12-23 09:28:43,476 ] 224 werkzeug - INFO -  * Detected change in 'C:\\Users\\malik\\AppData\\Roaming\\Python\\Python39\\site-packages\\bottleneck\\_pytesttester.py', reloading
[ 2024-12-23 09:28:43,476 ] 224 werkzeug - INFO -  * Detected change in 'C:\\Users\\malik\\AppData\\Roaming\\Python\\Python39\\site-packages\\bottleneck\\_pytesttester.py', reloading
[ 2024-12-23 09:28:43,476 ] 224 werkzeug - INFO -  * Detected change in 'C:\\Users\\malik\\AppData\\Roaming\\Python\\Python39\\site-packages\\bottleneck\\_version.py', reloading
[ 2024-12-23 09:28:43,476 ] 224 werkzeug - INFO -  * Detected change in 'C:\\Users\\malik\\AppData\\Roaming\\Python\\Python39\\site-packages\\bottleneck\\_version.py', reloading
