[ 2024-12-23 09:27:20,406 ] 148 numexpr.utils - INFO - Note: NumExpr detected 12 cores but "NUMEXPR_MAX_THREADS" not set, so enforcing safe limit of 8.
[ 2024-12-23 09:27:20,406 ] 160 numexpr.utils - INFO - NumExpr defaulting to 8 threads.
[ 2024-12-23 09:27:23,638 ] 224 werkzeug - WARNING -  * Debugger is active!
[ 2024-12-23 09:27:23,647 ] 224 werkzeug - INFO -  * Debugger PIN: 617-787-898
[ 2024-12-23 09:28:31,185 ] 224 werkzeug - INFO -  * Detected change in 'C:\\Users\\malik\\AppData\\Roaming\\Python\\Python39\\site-packages\\numexpr\\cpuinfo.py', reloading
[ 2024-12-23 09:28:31,185 ] 224 werkzeug - INFO -  * Detected change in 'C:\\Users\\malik\\AppData\\Roaming\\Python\\Python39\\site-packages\\numexpr\\expressions.py', reloading
[ 2024-12-23 09:28:31,187 ] 224 werkzeug - INFO -  * Detected change in 'C:\\Users\\malik\\AppData\\Roaming\\Python\\Python39\\site-packages\\numexpr\\necompiler.py', reloading
[ 2024-12-23 09:28:31,190 ] 224 werkzeug - INFO -  * Detected change in 'C:\\Users\\malik\\AppData\\Roaming\\Python\\Python39\\site-packages\\numexpr\\utils.py', reloading
[ 2024-12-23 09:28:31,190 ] 224 werkzeug - INFO -  * Detected change in 'C:\\Users\\malik\\AppData\\Roaming\\Python\\Python39\\site-packages\\numexpr\\version.py', reloading
[ 2024-12-23 09:28:31,192 ] 224 werkzeug - INFO -  * Detected change in 'C:\\Users\\malik\\AppData\\Roaming\\Python\\Python39\\site-packages\\numexpr\\__init__.py', reloading
[ 2024-12-23 09:28:31,192 ] 224 werkzeug - INFO -  * Detected change in 'C:\\Users\\malik\\AppData\\Roaming\\Python\\Python39\\site-packages\\numexpr\\tests\\test_numexpr.py', reloading
[ 2024-12-23 09:28:31,192 ] 224 werkzeug - INFO -  * Detected change in 'C:\\Users\\malik\\AppData\\Roaming\\Python\\Python39\\site-packages\\numexpr\\tests\\__init__.py', reloading
[ 2024-12-23 09:28:31,192 ] 224 werkzeug - INFO -  * Detected change in 'C:\\Users\\malik\\AppData\\Roaming\\Python\\Python39\\site-packages\\numexpr\\__init__.py', reloading
[ 2024-12-23 09:28:31,192 ] 224 werkzeug - INFO -  * Detected change in 'C:\\Users\\malik\\AppData\\Roaming\\Python\\Python39\\site-packages\\numexpr\\__init__.py', reloading
[ 2024-12-23 09:28:31,195 ] 224 werkzeug - INFO -  * Detected change in 'C:\\Users\\malik\\AppData\\Roaming\\Python\\Python39\\site-packages\\numexpr\\cpuinfo.py', reloading
[ 2024-12-23 09:28:31,196 ] 224 werkzeug - INFO -  * Detected change in 'C:\\Users\\malik\\AppData\\Roaming\\Python\\Python39\\site-packages\\numexpr\\cpuinfo.py', reloading
[ 2024-12-23 09:28:31,196 ] 224 werkzeug - INFO -  * Detected change in 'C:\\Users\\malik\\AppData\\Roaming\\Python\\Python39\\site-packages\\numexpr\\expressions.py', reloading
[ 2024-12-23 09:28:31,197 ] 224 werkzeug - INFO -  * Detected change in 'C:\\Users\\malik\\AppData\\Roaming\\Python\\Python39\\site-packages\\numexpr\\expressions.py', reloading
[ 2024-12-23 09:28:31,201 ] 224 werkzeug - INFO -  * Detected change in 'C:\\Users\\malik\\AppData\\Roaming\\Python\\Python39\\site-packages\\numexpr\\necompiler.py', reloading
[ 2024-12-23 09:28:31,201 ] 224 werkzeug - INFO -  * Detected change in 'C:\\Users\\malik\\AppData\\Roaming\\Python\\Python39\\site-packages\\numexpr\\necompiler.py', reloading
[ 2024-12-23 09:28:31,201 ] 224 werkzeug - INFO -  * Detected change in 'C:\\Users\\malik\\AppData\\Roaming\\Python\\Python39\\site-packages\\numexpr\\utils.py', reloading
[ 2024-12-23 09:28:31,208 ] 224 werkzeug - INFO -  * Detected change in 'C:\\Users\\malik\\AppData\\Roaming\\Python\\Python39\\site-packages\\numexpr\\utils.py', reloading
[ 2024-12-23 09:28:31,208 ] 224 werkzeug - INFO -  * Detected change in 'C:\\Users\\malik\\AppData\\Roaming\\Python\\Python39\\site-packages\\numexpr\\version.py', reloading
[ 2024-12-23 09:28:31,209 ] 224 werkzeug - INFO -  * Detected change in 'C:\\Users\\malik\\AppData\\Roaming\\Python\\Python39\\site-packages\\numexpr\\version.py', reloading
